Arguments: 
  C:\Program Files\nodejs\node.exe C:\Users\hayu1\AppData\Roaming\npm\node_modules\yarn\bin\yarn.js add @antd-design/react-native

PATH: 
  C:\Program Files\Eclipse Adoptium\jdk-11.0.16.101-hotspot\bin;C:\Python310\Scripts\;C:\Python310\;C:\WINDOWS\system32;C:\WINDOWS;C:\WINDOWS\System32\Wbem;C:\WINDOWS\System32\WindowsPowerShell\v1.0\;C:\WINDOWS\System32\OpenSSH\;C:\Program Files\nodejs\;C:\ProgramData\chocolatey\bin;C:\Program Files\Git\cmd;C:\Ruby31-x64\bin;C:\Users\hayu1\AppData\Local\Programs\Python\Python311\Scripts\;C:\Users\hayu1\AppData\Local\Programs\Python\Python311\;C:\Users\hayu1\AppData\Local\Android\Sdk\platform-tools;C:\Users\hayu1\AppData\Local\Microsoft\WindowsApps;C:\Users\hayu1\AppData\Local\JetBrains\Toolbox\scripts;C:\Users\hayu1\AppData\Local\Microsoft\WindowsApps;C:\Users\hayu1\AppData\Roaming\npm;C:\Users\hayu1\AppData\Local\Programs\Microsoft VS Code\bin;C:\Users\hayu1\AppData\Local\gitkraken\bin;C:\Users\hayu1\Desktop\mobile\node_modules\.bin

Yarn version: 
  1.22.19

Node version: 
  16.18.0

Platform: 
  win32 x64

Trace: 
  Error: https://registry.yarnpkg.com/@antd-design%2freact-native: Not found
      at Request.params.callback [as _callback] (C:\Users\hayu1\AppData\Roaming\npm\node_modules\yarn\lib\cli.js:66145:18)
      at Request.self.callback (C:\Users\hayu1\AppData\Roaming\npm\node_modules\yarn\lib\cli.js:140890:22)
      at Request.emit (node:events:513:28)
      at Request.<anonymous> (C:\Users\hayu1\AppData\Roaming\npm\node_modules\yarn\lib\cli.js:141862:10)
      at Request.emit (node:events:513:28)
      at IncomingMessage.<anonymous> (C:\Users\hayu1\AppData\Roaming\npm\node_modules\yarn\lib\cli.js:141784:12)
      at Object.onceWrapper (node:events:627:28)
      at IncomingMessage.emit (node:events:525:35)
      at endReadableNT (node:internal/streams/readable:1358:12)
      at processTicksAndRejections (node:internal/process/task_queues:83:21)

npm manifest: 
  {
    "name": "mobile",
    "version": "1.0.0",
    "main": "node_modules/expo/AppEntry.js",
    "scripts": {
      "start": "expo start",
      "android": "expo start --android",
      "ios": "expo start --ios",
      "web": "expo start --web"
    },
    "dependencies": {
      "@expo/vector-icons": "^13.0.0",
      "@react-navigation/bottom-tabs": "^6.4.0",
      "@react-navigation/drawer": "^6.5.0",
      "@react-navigation/native": "^6.0.13",
      "expo": "~46.0.16",
      "expo-status-bar": "~1.4.0",
      "firebase": "^9.13.0",
      "react": "18.0.0",
      "react-native": "0.69.6",
      "react-native-paper": "^4.12.5",
      "react-native-safe-area-context": "4.3.1",
      "react-native-screens": "~3.15.0",
      "react-native-swiper": "^1.6.0",
      "react-native-vector-icons": "^9.2.0"
    },
    "devDependencies": {
      "@babel/core": "^7.12.9"
    },
    "private": true
  }

yarn manifest: 
  No manifest

Lockfile: 
  No lockfile
